friday/build/app/intermediates/manifest_merge_blame_file/release/manifest-merger-blame-release-report.txt
1<?xml version="1.0" encoding="utf-8"?>
2<manifest xmlns:android="http://schemas.android.com/apk/res/android"
3    package="vr.love.friday"
4    android:versionCode="1"
5    android:versionName="1.0.0" >
6
7    <uses-sdk
8        android:minSdkVersion="21"
8-->src/main/AndroidManifest.xml
9        android:targetSdkVersion="30" />
9-->src/main/AndroidManifest.xml
10
11    <uses-permission android:name="android.permission.INTERNET" />
11-->src/main/AndroidManifest.xml:43:3-65
11-->src/main/AndroidManifest.xml:43:20-62
12    <uses-permission android:name="android.permission.ACCESS_NETWORK_STATE" />
12-->[com.google.firebase:firebase-auth:20.0.3] AndroidManifest.xml:24:5-79
12-->[com.google.firebase:firebase-auth:20.0.3] AndroidManifest.xml:24:22-76
13    <uses-permission android:name="android.permission.WAKE_LOCK" />
13-->[com.google.android.gms:play-services-measurement-api:18.0.2] AndroidManifest.xml:24:5-68
13-->[com.google.android.gms:play-services-measurement-api:18.0.2] AndroidManifest.xml:24:22-65
14    <uses-permission android:name="com.google.android.finsky.permission.BIND_GET_INSTALL_REFERRER_SERVICE" />
14-->[com.google.android.gms:play-services-measurement:18.0.2] AndroidManifest.xml:26:5-110
14-->[com.google.android.gms:play-services-measurement:18.0.2] AndroidManifest.xml:26:22-107
15
16    <application
16-->src/main/AndroidManifest.xml:2:3-40:17
17        android:appComponentFactory="androidx.core.app.CoreComponentFactory"
17-->[androidx.core:core:1.3.2] AndroidManifest.xml:24:18-86
18        android:icon="@mipmap/ic_launcher"
18-->src/main/AndroidManifest.xml:2:39-73
19        android:label="friday"
19-->src/main/AndroidManifest.xml:2:16-38
20        android:requestLegacyExternalStorage="true"
20-->src/main/AndroidManifest.xml:2:74-117
21        android:supportsRtl="true" >
21-->[com.facebook.android:facebook-login:9.1.0] AndroidManifest.xml:28:18-44
22        <activity
22-->src/main/AndroidManifest.xml:3:5-19:16
23            android:name="vr.love.friday.MainActivity"
23-->src/main/AndroidManifest.xml:3:15-43
24            android:configChanges="orientation|keyboardHidden|keyboard|screenSize|smallestScreenSize|locale|layoutDirection|fontScale|screenLayout|density|uiMode"
24-->src/main/AndroidManifest.xml:3:110-260
25            android:hardwareAccelerated="true"
25-->src/main/AndroidManifest.xml:3:261-295
26            android:launchMode="singleTop"
26-->src/main/AndroidManifest.xml:3:44-74
27            android:theme="@style/LaunchTheme"
27-->src/main/AndroidManifest.xml:3:75-109
28            android:windowSoftInputMode="adjustResize" >
28-->src/main/AndroidManifest.xml:3:296-338
29
30            <!--
31           Specifies an Android theme to apply to this Activity as soon as
32                 the Android process has started. This theme is visible to the user
33                 while the Flutter UI initializes. After that, this theme continues
34                 to determine the Window background behind the Flutter UI.
35            -->
36            <meta-data
36-->src/main/AndroidManifest.xml:8:7-114
37                android:name="io.flutter.embedding.android.NormalTheme"
37-->src/main/AndroidManifest.xml:8:18-73
38                android:resource="@style/NormalTheme" />
38-->src/main/AndroidManifest.xml:8:74-111
39            <!--
40           Displays an Android View that continues showing the launch screen
41                 Drawable until Flutter paints its first frame, then this splash
42                 screen fades out. A splash screen is useful to avoid any visual
43                 gap between the end of Android's launch screen and the painting of
44                 Flutter's first frame.
45            -->
46            <meta-data
46-->src/main/AndroidManifest.xml:14:7-132
47                android:name="io.flutter.embedding.android.SplashScreenDrawable"
47-->src/main/AndroidManifest.xml:14:18-82
48                android:resource="@drawable/launch_background" />
48-->src/main/AndroidManifest.xml:14:83-129
49
50            <intent-filter>
50-->src/main/AndroidManifest.xml:15:7-18:23
51                <action android:name="android.intent.action.MAIN" />
51-->src/main/AndroidManifest.xml:16:9-61
51-->src/main/AndroidManifest.xml:16:17-58
52
53                <category android:name="android.intent.category.LAUNCHER" />
53-->src/main/AndroidManifest.xml:17:9-69
53-->src/main/AndroidManifest.xml:17:19-66
54            </intent-filter>
55        </activity>
56        <!--
57         Don't delete the meta-data below.
58             This is used by the Flutter tool to generate GeneratedPluginRegistrant.java
59        -->
60        <meta-data
60-->src/main/AndroidManifest.xml:22:5-68
61            android:name="flutterEmbedding"
61-->src/main/AndroidManifest.xml:22:16-47
62            android:value="2" />
62-->src/main/AndroidManifest.xml:22:48-65
63        <meta-data
63-->src/main/AndroidManifest.xml:25:5-104
64            android:name="com.facebook.sdk.ApplicationId"
64-->src/main/AndroidManifest.xml:25:16-61
65            android:value="@string/facebook_app_id" />
65-->src/main/AndroidManifest.xml:25:62-101
66
67        <activity
67-->src/main/AndroidManifest.xml:27:5-179
68            android:name="com.facebook.FacebookActivity"
68-->src/main/AndroidManifest.xml:27:15-59
69            android:configChanges="keyboard|keyboardHidden|screenLayout|screenSize|orientation"
69-->src/main/AndroidManifest.xml:27:60-143
70            android:label="@string/app_name"
70-->src/main/AndroidManifest.xml:27:144-176
71            android:theme="@style/com_facebook_activity_theme" />
71-->[com.facebook.android:facebook-common:9.1.0] AndroidManifest.xml:33:13-63
72        <activity
72-->src/main/AndroidManifest.xml:28:5-35:16
73            android:name="com.facebook.CustomTabActivity"
73-->src/main/AndroidManifest.xml:28:15-60
74            android:exported="true" >
74-->src/main/AndroidManifest.xml:28:61-84
75            <intent-filter>
75-->src/main/AndroidManifest.xml:29:7-34:23
76                <action android:name="android.intent.action.VIEW" />
76-->src/main/AndroidManifest.xml:30:9-61
76-->src/main/AndroidManifest.xml:30:17-58
77
78                <category android:name="android.intent.category.DEFAULT" />
78-->src/main/AndroidManifest.xml:31:9-68
78-->src/main/AndroidManifest.xml:31:19-65
79                <category android:name="android.intent.category.BROWSABLE" />
79-->src/main/AndroidManifest.xml:32:9-70
79-->src/main/AndroidManifest.xml:32:19-67
80
81                <data android:scheme="@string/fb_login_protocol_scheme" />
81-->src/main/AndroidManifest.xml:33:9-67
81-->src/main/AndroidManifest.xml:33:15-64
82            </intent-filter>
83            <intent-filter>
83-->[com.facebook.android:facebook-common:9.1.0] AndroidManifest.xml:39:13-48:29
84                <action android:name="android.intent.action.VIEW" />
84-->src/main/AndroidManifest.xml:30:9-61
84-->src/main/AndroidManifest.xml:30:17-58
85
86                <category android:name="android.intent.category.DEFAULT" />
86-->src/main/AndroidManifest.xml:31:9-68
86-->src/main/AndroidManifest.xml:31:19-65
87                <category android:name="android.intent.category.BROWSABLE" />
87-->src/main/AndroidManifest.xml:32:9-70
87-->src/main/AndroidManifest.xml:32:19-67
88
89                <data
89-->src/main/AndroidManifest.xml:33:9-67
90                    android:host="cct.vr.love.friday"
91                    android:scheme="fbconnect" />
91-->src/main/AndroidManifest.xml:33:15-64
92            </intent-filter>
93        </activity>
94
95        <service
95-->[:firebase_storage] AndroidManifest.xml:8:9-12:19
96            android:name="com.google.firebase.components.ComponentDiscoveryService"
96-->[:firebase_storage] AndroidManifest.xml:8:18-89
97            android:directBootAware="true"
97-->[com.google.firebase:firebase-common:19.5.0] AndroidManifest.xml:35:13-43
98            android:exported="false" >
98-->[com.google.firebase:firebase-analytics-ktx:18.0.2] AndroidManifest.xml:10:13-37
99            <meta-data
99-->[:firebase_storage] AndroidManifest.xml:9:13-11:85
100                android:name="com.google.firebase.components:io.flutter.plugins.firebase.storage.FlutterFirebaseAppRegistrar"
100-->[:firebase_storage] AndroidManifest.xml:10:17-126
101                android:value="com.google.firebase.components.ComponentRegistrar" />
101-->[:firebase_storage] AndroidManifest.xml:11:17-82
102            <meta-data
102-->[:cloud_firestore] AndroidManifest.xml:9:13-11:85
103                android:name="com.google.firebase.components:io.flutter.plugins.firebase.firestore.FlutterFirebaseFirestoreRegistrar"
103-->[:cloud_firestore] AndroidManifest.xml:10:17-134
104                android:value="com.google.firebase.components.ComponentRegistrar" />
104-->[:cloud_firestore] AndroidManifest.xml:11:17-82
105            <meta-data
105-->[:firebase_auth] AndroidManifest.xml:9:13-11:85
106                android:name="com.google.firebase.components:io.flutter.plugins.firebase.auth.FlutterFirebaseAuthRegistrar"
106-->[:firebase_auth] AndroidManifest.xml:10:17-124
107                android:value="com.google.firebase.components.ComponentRegistrar" />
107-->[:firebase_auth] AndroidManifest.xml:11:17-82
108            <meta-data
108-->[:firebase_core] AndroidManifest.xml:9:13-11:85
109                android:name="com.google.firebase.components:io.flutter.plugins.firebase.core.FlutterFirebaseCoreRegistrar"
109-->[:firebase_core] AndroidManifest.xml:10:17-124
110                android:value="com.google.firebase.components.ComponentRegistrar" />
110-->[:firebase_core] AndroidManifest.xml:11:17-82
111            <meta-data
111-->[com.google.firebase:firebase-analytics-ktx:18.0.2] AndroidManifest.xml:11:13-13:85
112                android:name="com.google.firebase.components:com.google.firebase.analytics.ktx.FirebaseAnalyticsKtxRegistrar"
112-->[com.google.firebase:firebase-analytics-ktx:18.0.2] AndroidManifest.xml:12:17-126
113                android:value="com.google.firebase.components.ComponentRegistrar" />
113-->[com.google.firebase:firebase-analytics-ktx:18.0.2] AndroidManifest.xml:13:17-82
114            <meta-data
114-->[com.google.firebase:firebase-common-ktx:19.5.0] AndroidManifest.xml:15:13-17:85
115                android:name="com.google.firebase.components:com.google.firebase.ktx.FirebaseCommonKtxRegistrar"
115-->[com.google.firebase:firebase-common-ktx:19.5.0] AndroidManifest.xml:16:17-113
116                android:value="com.google.firebase.components.ComponentRegistrar" />
116-->[com.google.firebase:firebase-common-ktx:19.5.0] AndroidManifest.xml:17:17-82
117            <meta-data
117-->[com.google.firebase:firebase-auth:20.0.3] AndroidManifest.xml:77:13-79:85
118                android:name="com.google.firebase.components:com.google.firebase.auth.FirebaseAuthRegistrar"
118-->[com.google.firebase:firebase-auth:20.0.3] AndroidManifest.xml:78:17-109
119                android:value="com.google.firebase.components.ComponentRegistrar" />
119-->[com.google.firebase:firebase-auth:20.0.3] AndroidManifest.xml:79:17-82
120            <meta-data
120-->[com.google.firebase:firebase-firestore:22.1.2] AndroidManifest.xml:20:13-22:85
121                android:name="com.google.firebase.components:com.google.firebase.firestore.FirestoreRegistrar"
121-->[com.google.firebase:firebase-firestore:22.1.2] AndroidManifest.xml:21:17-111
122                android:value="com.google.firebase.components.ComponentRegistrar" />
122-->[com.google.firebase:firebase-firestore:22.1.2] AndroidManifest.xml:22:17-82
123            <meta-data
123-->[com.google.firebase:firebase-storage:19.2.2] AndroidManifest.xml:33:13-35:85
124                android:name="com.google.firebase.components:com.google.firebase.storage.StorageRegistrar"
124-->[com.google.firebase:firebase-storage:19.2.2] AndroidManifest.xml:34:17-107
125                android:value="com.google.firebase.components.ComponentRegistrar" />
125-->[com.google.firebase:firebase-storage:19.2.2] AndroidManifest.xml:35:17-82
126            <meta-data
126-->[com.google.android.gms:play-services-measurement-api:18.0.2] AndroidManifest.xml:30:13-32:85
127                android:name="com.google.firebase.components:com.google.firebase.analytics.connector.internal.AnalyticsConnectorRegistrar"
127-->[com.google.android.gms:play-services-measurement-api:18.0.2] AndroidManifest.xml:31:17-139
128                android:value="com.google.firebase.components.ComponentRegistrar" />
128-->[com.google.android.gms:play-services-measurement-api:18.0.2] AndroidManifest.xml:32:17-82
129            <meta-data
129-->[com.google.firebase:firebase-installations:16.3.5] AndroidManifest.xml:18:13-20:85
130                android:name="com.google.firebase.components:com.google.firebase.installations.FirebaseInstallationsRegistrar"
130-->[com.google.firebase:firebase-installations:16.3.5] AndroidManifest.xml:19:17-127
131                android:value="com.google.firebase.components.ComponentRegistrar" />
131-->[com.google.firebase:firebase-installations:16.3.5] AndroidManifest.xml:20:17-82
132            <!--
133                This registrar is not defined in the dynamic-module-support sdk itself to allow non-firebase
134                clients to use it as well, by defining this registrar in their own core/common library.
135            -->
136            <meta-data
136-->[com.google.firebase:firebase-common:19.5.0] AndroidManifest.xml:43:13-45:85
137                android:name="com.google.firebase.components:com.google.firebase.dynamicloading.DynamicLoadingRegistrar"
137-->[com.google.firebase:firebase-common:19.5.0] AndroidManifest.xml:44:17-121
138                android:value="com.google.firebase.components.ComponentRegistrar" />
138-->[com.google.firebase:firebase-common:19.5.0] AndroidManifest.xml:45:17-82
139        </service>
140
141        <provider
141-->[:image_picker] AndroidManifest.xml:8:9-16:20
142            android:name="io.flutter.plugins.imagepicker.ImagePickerFileProvider"
142-->[:image_picker] AndroidManifest.xml:9:13-82
143            android:authorities="vr.love.friday.flutter.image_provider"
143-->[:image_picker] AndroidManifest.xml:10:13-74
144            android:exported="false"
144-->[:image_picker] AndroidManifest.xml:11:13-37
145            android:grantUriPermissions="true" >
145-->[:image_picker] AndroidManifest.xml:12:13-47
146            <meta-data
146-->[:image_picker] AndroidManifest.xml:13:13-15:75
147                android:name="android.support.FILE_PROVIDER_PATHS"
147-->[:image_picker] AndroidManifest.xml:14:17-67
148                android:resource="@xml/flutter_image_picker_file_paths" />
148-->[:image_picker] AndroidManifest.xml:15:17-72
149        </provider>
150
151        <activity
151-->[:url_launcher] AndroidManifest.xml:8:9-11:74
152            android:name="io.flutter.plugins.urllauncher.WebViewActivity"
152-->[:url_launcher] AndroidManifest.xml:9:13-74
153            android:exported="false"
153-->[:url_launcher] AndroidManifest.xml:10:13-37
154            android:theme="@android:style/Theme.NoTitleBar.Fullscreen" />
154-->[:url_launcher] AndroidManifest.xml:11:13-71
155        <activity android:name="com.facebook.CustomTabMainActivity" />
155-->[com.facebook.android:facebook-common:9.1.0] AndroidManifest.xml:34:9-71
155-->[com.facebook.android:facebook-common:9.1.0] AndroidManifest.xml:34:19-68
156        <!--
157         The initialization ContentProvider will call FacebookSdk.sdkInitialize automatically
158         with the application context. This config is merged in with the host app's manifest,
159         but there can only be one provider with the same authority activated at any given
160         point; so if the end user has two or more different apps that use Facebook SDK, only the
161         first one will be able to use the provider. To work around this problem, we use the
162         following placeholder in the authority to identify each host application as if it was
163         a completely different provider.
164        -->
165        <provider
165-->[com.facebook.android:facebook-core:9.1.0] AndroidManifest.xml:39:9-42:40
166            android:name="com.facebook.internal.FacebookInitProvider"
166-->[com.facebook.android:facebook-core:9.1.0] AndroidManifest.xml:40:13-70
167            android:authorities="vr.love.friday.FacebookInitProvider"
167-->[com.facebook.android:facebook-core:9.1.0] AndroidManifest.xml:41:13-72
168            android:exported="false" />
168-->[com.facebook.android:facebook-core:9.1.0] AndroidManifest.xml:42:13-37
169
170        <receiver
170-->[com.facebook.android:facebook-core:9.1.0] AndroidManifest.xml:44:9-50:20
171            android:name="com.facebook.CurrentAccessTokenExpirationBroadcastReceiver"
171-->[com.facebook.android:facebook-core:9.1.0] AndroidManifest.xml:45:13-86
172            android:exported="false" >
172-->[com.facebook.android:facebook-core:9.1.0] AndroidManifest.xml:46:13-37
173            <intent-filter>
173-->[com.facebook.android:facebook-core:9.1.0] AndroidManifest.xml:47:13-49:29
174                <action android:name="com.facebook.sdk.ACTION_CURRENT_ACCESS_TOKEN_CHANGED" />
174-->[com.facebook.android:facebook-core:9.1.0] AndroidManifest.xml:48:17-95
174-->[com.facebook.android:facebook-core:9.1.0] AndroidManifest.xml:48:25-92
175            </intent-filter>
176        </receiver>
177
178        <activity
178-->[com.google.firebase:firebase-auth:20.0.3] AndroidManifest.xml:27:9-44:20
179            android:name="com.google.firebase.auth.internal.GenericIdpActivity"
179-->[com.google.firebase:firebase-auth:20.0.3] AndroidManifest.xml:28:13-80
180            android:excludeFromRecents="true"
180-->[com.google.firebase:firebase-auth:20.0.3] AndroidManifest.xml:29:13-46
181            android:exported="true"
181-->[com.google.firebase:firebase-auth:20.0.3] AndroidManifest.xml:30:13-36
182            android:launchMode="singleTask"
182-->[com.google.firebase:firebase-auth:20.0.3] AndroidManifest.xml:31:13-44
183            android:theme="@android:style/Theme.Translucent.NoTitleBar" >
183-->[com.google.firebase:firebase-auth:20.0.3] AndroidManifest.xml:32:13-72
184            <intent-filter>
184-->[com.google.firebase:firebase-auth:20.0.3] AndroidManifest.xml:33:13-43:29
185                <action android:name="android.intent.action.VIEW" />
185-->src/main/AndroidManifest.xml:30:9-61
185-->src/main/AndroidManifest.xml:30:17-58
186
187                <category android:name="android.intent.category.DEFAULT" />
187-->src/main/AndroidManifest.xml:31:9-68
187-->src/main/AndroidManifest.xml:31:19-65
188                <category android:name="android.intent.category.BROWSABLE" />
188-->src/main/AndroidManifest.xml:32:9-70
188-->src/main/AndroidManifest.xml:32:19-67
189
190                <data
190-->src/main/AndroidManifest.xml:33:9-67
191                    android:host="firebase.auth"
192                    android:path="/"
193                    android:scheme="genericidp" />
193-->src/main/AndroidManifest.xml:33:15-64
194            </intent-filter>
195        </activity>
196        <activity
196-->[com.google.firebase:firebase-auth:20.0.3] AndroidManifest.xml:45:9-62:20
197            android:name="com.google.firebase.auth.internal.RecaptchaActivity"
197-->[com.google.firebase:firebase-auth:20.0.3] AndroidManifest.xml:46:13-79
198            android:excludeFromRecents="true"
198-->[com.google.firebase:firebase-auth:20.0.3] AndroidManifest.xml:47:13-46
199            android:exported="true"
199-->[com.google.firebase:firebase-auth:20.0.3] AndroidManifest.xml:48:13-36
200            android:launchMode="singleTask"
200-->[com.google.firebase:firebase-auth:20.0.3] AndroidManifest.xml:49:13-44
201            android:theme="@android:style/Theme.Translucent.NoTitleBar" >
201-->[com.google.firebase:firebase-auth:20.0.3] AndroidManifest.xml:50:13-72
202            <intent-filter>
202-->[com.google.firebase:firebase-auth:20.0.3] AndroidManifest.xml:51:13-61:29
203                <action android:name="android.intent.action.VIEW" />
203-->src/main/AndroidManifest.xml:30:9-61
203-->src/main/AndroidManifest.xml:30:17-58
204
205                <category android:name="android.intent.category.DEFAULT" />
205-->src/main/AndroidManifest.xml:31:9-68
205-->src/main/AndroidManifest.xml:31:19-65
206                <category android:name="android.intent.category.BROWSABLE" />
206-->src/main/AndroidManifest.xml:32:9-70
206-->src/main/AndroidManifest.xml:32:19-67
207
208                <data
208-->src/main/AndroidManifest.xml:33:9-67
209                    android:host="firebase.auth"
210                    android:path="/"
211                    android:scheme="recaptcha" />
211-->src/main/AndroidManifest.xml:33:15-64
212            </intent-filter>
213        </activity>
214
215        <service
215-->[com.google.firebase:firebase-auth:20.0.3] AndroidManifest.xml:64:9-73:19
216            android:name="com.google.firebase.auth.api.fallback.service.FirebaseAuthFallbackService"
216-->[com.google.firebase:firebase-auth:20.0.3] AndroidManifest.xml:65:13-101
217            android:enabled="true"
217-->[com.google.firebase:firebase-auth:20.0.3] AndroidManifest.xml:66:13-35
218            android:exported="false" >
218-->[com.google.firebase:firebase-auth:20.0.3] AndroidManifest.xml:67:13-37
219            <intent-filter>
219-->[com.google.firebase:firebase-auth:20.0.3] AndroidManifest.xml:68:13-72:29
220                <action android:name="com.google.firebase.auth.api.gms.service.START" />
220-->[com.google.firebase:firebase-auth:20.0.3] AndroidManifest.xml:69:17-89
220-->[com.google.firebase:firebase-auth:20.0.3] AndroidManifest.xml:69:25-86
221
222                <category android:name="android.intent.category.DEFAULT" />
222-->src/main/AndroidManifest.xml:31:9-68
222-->src/main/AndroidManifest.xml:31:19-65
223            </intent-filter>
224        </service>
225
226        <provider
226-->[com.google.firebase:firebase-common:19.5.0] AndroidManifest.xml:26:9-31:39
227            android:name="com.google.firebase.provider.FirebaseInitProvider"
227-->[com.google.firebase:firebase-common:19.5.0] AndroidManifest.xml:27:13-77
228            android:authorities="vr.love.friday.firebaseinitprovider"
228-->[com.google.firebase:firebase-common:19.5.0] AndroidManifest.xml:28:13-72
229            android:directBootAware="true"
229-->[com.google.firebase:firebase-common:19.5.0] AndroidManifest.xml:29:13-43
230            android:exported="false"
230-->[com.google.firebase:firebase-common:19.5.0] AndroidManifest.xml:30:13-37
231            android:initOrder="100" />
231-->[com.google.firebase:firebase-common:19.5.0] AndroidManifest.xml:31:13-36
232
233        <activity
233-->[com.google.android.gms:play-services-auth:16.0.1] AndroidManifest.xml:23:9-27:75
234            android:name="com.google.android.gms.auth.api.signin.internal.SignInHubActivity"
234-->[com.google.android.gms:play-services-auth:16.0.1] AndroidManifest.xml:24:13-93
235            android:excludeFromRecents="true"
235-->[com.google.android.gms:play-services-auth:16.0.1] AndroidManifest.xml:25:13-46
236            android:exported="false"
236-->[com.google.android.gms:play-services-auth:16.0.1] AndroidManifest.xml:26:13-37
237            android:theme="@android:style/Theme.Translucent.NoTitleBar" />
237-->[com.google.android.gms:play-services-auth:16.0.1] AndroidManifest.xml:27:13-72
238        <!--
239            Service handling Google Sign-In user revocation. For apps that do not integrate with
240            Google Sign-In, this service will never be started.
241        -->
242        <service
242-->[com.google.android.gms:play-services-auth:16.0.1] AndroidManifest.xml:33:9-36:110
243            android:name="com.google.android.gms.auth.api.signin.RevocationBoundService"
243-->[com.google.android.gms:play-services-auth:16.0.1] AndroidManifest.xml:34:13-89
244            android:exported="true"
244-->[com.google.android.gms:play-services-auth:16.0.1] AndroidManifest.xml:35:13-36
245            android:permission="com.google.android.gms.auth.api.signin.permission.REVOCATION_NOTIFICATION" />
245-->[com.google.android.gms:play-services-auth:16.0.1] AndroidManifest.xml:36:13-107
246
247        <activity
247-->[com.google.android.gms:play-services-base:17.1.0] AndroidManifest.xml:23:9-26:75
248            android:name="com.google.android.gms.common.api.GoogleApiActivity"
248-->[com.google.android.gms:play-services-base:17.1.0] AndroidManifest.xml:24:13-79
249            android:exported="false"
249-->[com.google.android.gms:play-services-base:17.1.0] AndroidManifest.xml:25:13-37
250            android:theme="@android:style/Theme.Translucent.NoTitleBar" />
250-->[com.google.android.gms:play-services-base:17.1.0] AndroidManifest.xml:26:13-72
251
252        <receiver
252-->[com.google.android.gms:play-services-measurement:18.0.2] AndroidManifest.xml:29:9-33:20
253            android:name="com.google.android.gms.measurement.AppMeasurementReceiver"
253-->[com.google.android.gms:play-services-measurement:18.0.2] AndroidManifest.xml:30:13-85
254            android:enabled="true"
254-->[com.google.android.gms:play-services-measurement:18.0.2] AndroidManifest.xml:31:13-35
255            android:exported="false" >
255-->[com.google.android.gms:play-services-measurement:18.0.2] AndroidManifest.xml:32:13-37
256        </receiver>
257
258        <service
258-->[com.google.android.gms:play-services-measurement:18.0.2] AndroidManifest.xml:35:9-38:40
259            android:name="com.google.android.gms.measurement.AppMeasurementService"
259-->[com.google.android.gms:play-services-measurement:18.0.2] AndroidManifest.xml:36:13-84
260            android:enabled="true"
260-->[com.google.android.gms:play-services-measurement:18.0.2] AndroidManifest.xml:37:13-35
261            android:exported="false" />
261-->[com.google.android.gms:play-services-measurement:18.0.2] AndroidManifest.xml:38:13-37
262        <service
262-->[com.google.android.gms:play-services-measurement:18.0.2] AndroidManifest.xml:39:9-43:72
263            android:name="com.google.android.gms.measurement.AppMeasurementJobService"
263-->[com.google.android.gms:play-services-measurement:18.0.2] AndroidManifest.xml:40:13-87
264            android:enabled="true"
264-->[com.google.android.gms:play-services-measurement:18.0.2] AndroidManifest.xml:41:13-35
265            android:exported="false"
265-->[com.google.android.gms:play-services-measurement:18.0.2] AndroidManifest.xml:42:13-37
266            android:permission="android.permission.BIND_JOB_SERVICE" />
266-->[com.google.android.gms:play-services-measurement:18.0.2] AndroidManifest.xml:43:13-69
267
268        <meta-data
268-->[com.google.android.gms:play-services-basement:17.1.0] AndroidManifest.xml:23:9-25:69
269            android:name="com.google.android.gms.version"
269-->[com.google.android.gms:play-services-basement:17.1.0] AndroidManifest.xml:24:13-58
270            android:value="@integer/google_play_services_version" />
270-->[com.google.android.gms:play-services-basement:17.1.0] AndroidManifest.xml:25:13-66
271    </application>
272
273</manifest>